# JRE version: OpenJDK Runtime Environment (8.0_202-b03) (build 1.8.0_202-release-1483-b03)
# Java VM: OpenJDK 64-Bit Server VM (25.202-b03 mixed mode windows-amd64 compressed oops)
Heap:
 PSYoungGen      total 75776K, used 30962K [0x00000000e0000000, 0x00000000e5400000, 0x0000000100000000)
  eden space 65536K, 35% used [0x00000000e0000000,0x00000000e16d1d68,0x00000000e4000000)
  from space 10240K, 74% used [0x00000000e4000000,0x00000000e476abf0,0x00000000e4a00000)
  to   space 9728K, 0% used [0x00000000e4a80000,0x00000000e4a80000,0x00000000e5400000)
 ParOldGen       total 59392K, used 8993K [0x00000000a0000000, 0x00000000a3a00000, 0x00000000e0000000)
  object space 59392K, 15% used [0x00000000a0000000,0x00000000a08c8770,0x00000000a3a00000)
 Metaspace       used 29740K, capacity 30306K, committed 30464K, reserved 1075200K
  class space    used 4114K, capacity 4332K, committed 4352K, reserved 1048576K
GC Heap History (10 events):
Event: 7.073 GC heap before
{Heap before GC invocations=4 (full 0):
 PSYoungGen      total 37888K, used 37878K [0x00000000e0000000, 0x00000000e2a00000, 0x0000000100000000)
  eden space 32768K, 100% used [0x00000000e0000000,0x00000000e2000000,0x00000000e2000000)
  from space 5120K, 99% used [0x00000000e2000000,0x00000000e24fdac8,0x00000000e2500000)
  to   space 5120K, 0% used [0x00000000e2500000,0x00000000e2500000,0x00000000e2a00000)
 ParOldGen       total 86016K, used 1995K [0x00000000a0000000, 0x00000000a5400000, 0x00000000e0000000)
  object space 86016K, 2% used [0x00000000a0000000,0x00000000a01f2ec8,0x00000000a5400000)
 Metaspace       used 15880K, capacity 16348K, committed 16512K, reserved 1062912K
  class space    used 2258K, capacity 2428K, committed 2432K, reserved 1048576K
Event: 7.094 GC heap after
Heap after GC invocations=4 (full 0):
 PSYoungGen      total 37888K, used 5112K [0x00000000e0000000, 0x00000000e4a00000, 0x0000000100000000)
  eden space 32768K, 0% used [0x00000000e0000000,0x00000000e0000000,0x00000000e2000000)
  from space 5120K, 99% used [0x00000000e2500000,0x00000000e29fe030,0x00000000e2a00000)
  to   space 5120K, 0% used [0x00000000e2000000,0x00000000e2000000,0x00000000e2500000)
 ParOldGen       total 86016K, used 5268K [0x00000000a0000000, 0x00000000a5400000, 0x00000000e0000000)
  object space 86016K, 6% used [0x00000000a0000000,0x00000000a0525300,0x00000000a5400000)
 Metaspace       used 15880K, capacity 16348K, committed 16512K, reserved 1062912K
  class space    used 2258K, capacity 2428K, committed 2432K, reserved 1048576K
}
Event: 8.256 GC heap before
{Heap before GC invocations=5 (full 0):
 PSYoungGen      total 37888K, used 37880K [0x00000000e0000000, 0x00000000e4a00000, 0x0000000100000000)
  eden space 32768K, 100% used [0x00000000e0000000,0x00000000e2000000,0x00000000e2000000)
  from space 5120K, 99% used [0x00000000e2500000,0x00000000e29fe030,0x00000000e2a00000)
  to   space 5120K, 0% used [0x00000000e2000000,0x00000000e2000000,0x00000000e2500000)
 ParOldGen       total 86016K, used 5268K [0x00000000a0000000, 0x00000000a5400000, 0x00000000e0000000)
  object space 86016K, 6% used [0x00000000a0000000,0x00000000a0525300,0x00000000a5400000)
 Metaspace       used 18858K, capacity 19446K, committed 19584K, reserved 1067008K
  class space    used 2732K, capacity 2933K, committed 2944K, reserved 1048576K
Event: 8.272 GC heap after
Heap after GC invocations=5 (full 0):
 PSYoungGen      total 37888K, used 5112K [0x00000000e0000000, 0x00000000e5500000, 0x0000000100000000)
  eden space 32768K, 0% used [0x00000000e0000000,0x00000000e0000000,0x00000000e2000000)
  from space 5120K, 99% used [0x00000000e2000000,0x00000000e24fe040,0x00000000e2500000)
  to   space 10752K, 0% used [0x00000000e4a80000,0x00000000e4a80000,0x00000000e5500000)
 ParOldGen       total 86016K, used 8981K [0x00000000a0000000, 0x00000000a5400000, 0x00000000e0000000)
  object space 86016K, 10% used [0x00000000a0000000,0x00000000a08c57e8,0x00000000a5400000)
 Metaspace       used 18858K, capacity 19446K, committed 19584K, reserved 1067008K
  class space    used 2732K, capacity 2933K, committed 2944K, reserved 1048576K
}
Event: 8.639 GC heap before
{Heap before GC invocations=6 (full 0):
 PSYoungGen      total 37888K, used 19307K [0x00000000e0000000, 0x00000000e5500000, 0x0000000100000000)
  eden space 32768K, 43% used [0x00000000e0000000,0x00000000e0ddcc30,0x00000000e2000000)
  from space 5120K, 99% used [0x00000000e2000000,0x00000000e24fe040,0x00000000e2500000)
  to   space 10752K, 0% used [0x00000000e4a80000,0x00000000e4a80000,0x00000000e5500000)
 ParOldGen       total 86016K, used 8981K [0x00000000a0000000, 0x00000000a5400000, 0x00000000e0000000)
  object space 86016K, 10% used [0x00000000a0000000,0x00000000a08c57e8,0x00000000a5400000)
 Metaspace       used 20613K, capacity 21124K, committed 21296K, reserved 1067008K
  class space    used 2954K, capacity 3129K, committed 3200K, reserved 1048576K
Event: 8.648 GC heap after
Heap after GC invocations=6 (full 0):
 PSYoungGen      total 75264K, used 7452K [0x00000000e0000000, 0x00000000e5400000, 0x0000000100000000)
  eden space 65536K, 0% used [0x00000000e0000000,0x00000000e0000000,0x00000000e4000000)
  from space 9728K, 76% used [0x00000000e4a80000,0x00000000e51c7330,0x00000000e5400000)
  to   space 10240K, 0% used [0x00000000e4000000,0x00000000e4000000,0x00000000e4a00000)
 ParOldGen       total 86016K, used 8989K [0x00000000a0000000, 0x00000000a5400000, 0x00000000e0000000)
  object space 86016K, 10% used [0x00000000a0000000,0x00000000a08c77e8,0x00000000a5400000)
 Metaspace       used 20613K, capacity 21124K, committed 21296K, reserved 1067008K
  class space    used 2954K, capacity 3129K, committed 3200K, reserved 1048576K
}
Event: 8.648 GC heap before
{Heap before GC invocations=7 (full 1):
 PSYoungGen      total 75264K, used 7452K [0x00000000e0000000, 0x00000000e5400000, 0x0000000100000000)
  eden space 65536K, 0% used [0x00000000e0000000,0x00000000e0000000,0x00000000e4000000)
  from space 9728K, 76% used [0x00000000e4a80000,0x00000000e51c7330,0x00000000e5400000)
  to   space 10240K, 0% used [0x00000000e4000000,0x00000000e4000000,0x00000000e4a00000)
 ParOldGen       total 86016K, used 8989K [0x00000000a0000000, 0x00000000a5400000, 0x00000000e0000000)
  object space 86016K, 10% used [0x00000000a0000000,0x00000000a08c77e8,0x00000000a5400000)
 Metaspace       used 20613K, capacity 21124K, committed 21296K, reserved 1067008K
  class space    used 2954K, capacity 3129K, committed 3200K, reserved 1048576K
Event: 8.722 GC heap after
Heap after GC invocations=7 (full 1):
 PSYoungGen      total 75264K, used 0K [0x00000000e0000000, 0x00000000e5400000, 0x0000000100000000)
  eden space 65536K, 0% used [0x00000000e0000000,0x00000000e0000000,0x00000000e4000000)
  from space 9728K, 0% used [0x00000000e4a80000,0x00000000e4a80000,0x00000000e5400000)
  to   space 10240K, 0% used [0x00000000e4000000,0x00000000e4000000,0x00000000e4a00000)
 ParOldGen       total 59392K, used 8985K [0x00000000a0000000, 0x00000000a3a00000, 0x00000000e0000000)
  object space 59392K, 15% used [0x00000000a0000000,0x00000000a08c6770,0x00000000a3a00000)
 Metaspace       used 20613K, capacity 21124K, committed 21296K, reserved 1067008K
  class space    used 2954K, capacity 3129K, committed 3200K, reserved 1048576K
}
Event: 10.323 GC heap before
{Heap before GC invocations=8 (full 1):
 PSYoungGen      total 75264K, used 65536K [0x00000000e0000000, 0x00000000e5400000, 0x0000000100000000)
  eden space 65536K, 100% used [0x00000000e0000000,0x00000000e4000000,0x00000000e4000000)
  from space 9728K, 0% used [0x00000000e4a80000,0x00000000e4a80000,0x00000000e5400000)
  to   space 10240K, 0% used [0x00000000e4000000,0x00000000e4000000,0x00000000e4a00000)
 ParOldGen       total 59392K, used 8985K [0x00000000a0000000, 0x00000000a3a00000, 0x00000000e0000000)
  object space 59392K, 15% used [0x00000000a0000000,0x00000000a08c6770,0x00000000a3a00000)
 Metaspace       used 28255K, capacity 28876K, committed 29184K, reserved 1075200K
  class space    used 3881K, capacity 4067K, committed 4096K, reserved 1048576K
Event: 10.352 GC heap after
Heap after GC invocations=8 (full 1):
 PSYoungGen      total 75776K, used 7594K [0x00000000e0000000, 0x00000000e5400000, 0x0000000100000000)
  eden space 65536K, 0% used [0x00000000e0000000,0x00000000e0000000,0x00000000e4000000)
  from space 10240K, 74% used [0x00000000e4000000,0x00000000e476abf0,0x00000000e4a00000)
  to   space 9728K, 0% used [0x00000000e4a80000,0x00000000e4a80000,0x00000000e5400000)
 ParOldGen       total 59392K, used 8993K [0x00000000a0000000, 0x00000000a3a00000, 0x00000000e0000000)
  object space 59392K, 15% used [0x00000000a0000000,0x00000000a08c8770,0x00000000a3a00000)
 Metaspace       used 28255K, capacity 28876K, committed 29184K, reserved 1075200K
  class space    used 3881K, capacity 4067K, committed 4096K, reserved 1048576K
}

